instagram.com
ig.me
api.instagram.com
b.i.instagram.com
edge-chat.instagram.com
graph-fallback.instagram.com
graph.instagram.com
graphql.instagram.com
i.instagram.com
instagram.c10r.facebook.com
instagram.c10r.instagram.com
logger.instagram.com
upload.instagram.com
facebook.com
facebook.net
edge-mqtt.facebook.com
mqtt-ig-p4.facebook.com
mqtt-mini.c10r.facebook.com
mqtt-mini.facebook.com
star-mini.c10r.facebook.com
star.fallback.c10r.instagram.com
cdninstagram.com
creative.cdninstagram.com
scontent.cdninstagram.com
static.cdninstagram.com
fbcdn.net
fbsbx.com
internalfb.com
oculus.com
meta.com
threads.net
fb.com
whatsapp.com
whatsapp.net
whatsapp.biz
wa.me
circlecrewpinkcrowd.com
